This is pdfTeX, Version 3.14159265-2.6-1.40.21 (TeX Live 2020/W32TeX) (preloaded format=latex 2021.2.14)  14 FEB 2021 13:35
entering extended mode
 restricted \write18 enabled.
 %&-line parsing enabled.
**tikz1fe82bc534af.tex
(./tikz1fe82bc534af.tex
LaTeX2e <2020-10-01> patch level 4
L3 programming layer <2021-02-06> (c:/Users/tom/AppData/Roaming/TinyTeX/texmf-d
ist/tex/latex/base/article.cls
Document Class: article 2020/04/10 v1.4m Standard LaTeX document class
(c:/Users/tom/AppData/Roaming/TinyTeX/texmf-dist/tex/latex/base/size10.clo
File: size10.clo 2020/04/10 v1.4m Standard LaTeX file (size option)
)
\c@part=\count177
\c@section=\count178
\c@subsection=\count179
\c@subsubsection=\count180
\c@paragraph=\count181
\c@subparagraph=\count182
\c@figure=\count183
\c@table=\count184
\abovecaptionskip=\skip47
\belowcaptionskip=\skip48
\bibindent=\dimen138
) (c:/Users/tom/AppData/Roaming/TinyTeX/texmf-dist/tex/latex/preview/preview.st
y
Package: preview 2017/04/24 12.3 (AUCTeX/preview-latex)

(c:/Users/tom/AppData/Roaming/TinyTeX/texmf-dist/tex/latex/preview/prtightpage.
def
\PreviewBorder=\dimen139
)
\pr@snippet=\count185
\pr@box=\box47
\pr@output=\toks15
) (c:/Users/tom/AppData/Roaming/TinyTeX/texmf-dist/tex/latex/amsmath/amsmath.st
y
Package: amsmath 2020/09/23 v2.17i AMS math features
\@mathmargin=\skip49
For additional information on amsmath, use the `?' option.
(c:/Users/tom/AppData/Roaming/TinyTeX/texmf-dist/tex/latex/amsmath/amstext.sty
Package: amstext 2000/06/29 v2.01 AMS text
(c:/Users/tom/AppData/Roaming/TinyTeX/texmf-dist/tex/latex/amsmath/amsgen.sty
File: amsgen.sty 1999/11/30 v2.0 generic functions
\@emptytoks=\toks16
\ex@=\dimen140
)) (c:/Users/tom/AppData/Roaming/TinyTeX/texmf-dist/tex/latex/amsmath/amsbsy.st
y
Package: amsbsy 1999/11/29 v1.2d Bold Symbols
\pmbraise@=\dimen141
) (c:/Users/tom/AppData/Roaming/TinyTeX/texmf-dist/tex/latex/amsmath/amsopn.sty
Package: amsopn 2016/03/08 v2.02 operator names
)
\inf@bad=\count186
LaTeX Info: Redefining \frac on input line 234.
\uproot@=\count187
\leftroot@=\count188
LaTeX Info: Redefining \overline on input line 399.
\classnum@=\count189
\DOTSCASE@=\count190
LaTeX Info: Redefining \ldots on input line 496.
LaTeX Info: Redefining \dots on input line 499.
LaTeX Info: Redefining \cdots on input line 620.
\Mathstrutbox@=\box48
\strutbox@=\box49
\big@size=\dimen142
LaTeX Font Info:    Redeclaring font encoding OML on input line 743.
LaTeX Font Info:    Redeclaring font encoding OMS on input line 744.
\macc@depth=\count191
\c@MaxMatrixCols=\count192
\dotsspace@=\muskip16
\c@parentequation=\count193
\dspbrk@lvl=\count194
\tag@help=\toks17
\row@=\count195
\column@=\count196
\maxfields@=\count197
\andhelp@=\toks18
\eqnshift@=\dimen143
\alignsep@=\dimen144
\tagshift@=\dimen145
\tagwidth@=\dimen146
\totwidth@=\dimen147
\lineht@=\dimen148
\@envbody=\toks19
\multlinegap=\skip50
\multlinetaggap=\skip51
\mathdisplay@stack=\toks20
LaTeX Info: Redefining \[ on input line 2923.
LaTeX Info: Redefining \] on input line 2924.
)
(c:/Users/tom/AppData/Roaming/TinyTeX/texmf-dist/tex/latex/pgf/basiclayer/pgf.s
ty
(c:/Users/tom/AppData/Roaming/TinyTeX/texmf-dist/tex/latex/pgf/utilities/pgfrcs
.sty
(c:/Users/tom/AppData/Roaming/TinyTeX/texmf-dist/tex/generic/pgf/utilities/pgfu
til-common.tex
\pgfutil@everybye=\toks21
\pgfutil@tempdima=\dimen149
\pgfutil@tempdimb=\dimen150

(c:/Users/tom/AppData/Roaming/TinyTeX/texmf-dist/tex/generic/pgf/utilities/pgfu
til-common-lists.tex))
(c:/Users/tom/AppData/Roaming/TinyTeX/texmf-dist/tex/generic/pgf/utilities/pgfu
til-latex.def
\pgfutil@abb=\box50
)
(c:/Users/tom/AppData/Roaming/TinyTeX/texmf-dist/tex/generic/pgf/utilities/pgfr
cs.code.tex
(c:/Users/tom/AppData/Roaming/TinyTeX/texmf-dist/tex/generic/pgf/pgf.revision.t
ex)
Package: pgfrcs 2020/12/27 v3.1.8b (3.1.8b)
))
Package: pgf 2020/12/27 v3.1.8b (3.1.8b)

(c:/Users/tom/AppData/Roaming/TinyTeX/texmf-dist/tex/latex/pgf/basiclayer/pgfco
re.sty
(c:/Users/tom/AppData/Roaming/TinyTeX/texmf-dist/tex/latex/graphics/graphicx.st
y
Package: graphicx 2020/09/09 v1.2b Enhanced LaTeX Graphics (DPC,SPQR)
(c:/Users/tom/AppData/Roaming/TinyTeX/texmf-dist/tex/latex/graphics/keyval.sty
Package: keyval 2014/10/28 v1.15 key=value parser (DPC)
\KV@toks@=\toks22
)
(c:/Users/tom/AppData/Roaming/TinyTeX/texmf-dist/tex/latex/graphics/graphics.st
y
Package: graphics 2020/08/30 v1.4c Standard LaTeX Graphics (DPC,SPQR)
(c:/Users/tom/AppData/Roaming/TinyTeX/texmf-dist/tex/latex/graphics/trig.sty
Package: trig 2016/01/03 v1.10 sin cos tan (DPC)
)
(c:/Users/tom/AppData/Roaming/TinyTeX/texmf-dist/tex/latex/graphics-cfg/graphic
s.cfg
File: graphics.cfg 2016/06/04 v1.11 sample graphics configuration
)
Package graphics Info: Driver file: dvips.def on input line 105.

(c:/Users/tom/AppData/Roaming/TinyTeX/texmf-dist/tex/latex/graphics-def/dvips.d
ef
File: dvips.def 2017/06/20 v3.1d Graphics/color driver for dvips
))
\Gin@req@height=\dimen151
\Gin@req@width=\dimen152
)
(c:/Users/tom/AppData/Roaming/TinyTeX/texmf-dist/tex/latex/pgf/systemlayer/pgfs
ys.sty
(c:/Users/tom/AppData/Roaming/TinyTeX/texmf-dist/tex/generic/pgf/systemlayer/pg
fsys.code.tex
Package: pgfsys 2020/12/27 v3.1.8b (3.1.8b)

(c:/Users/tom/AppData/Roaming/TinyTeX/texmf-dist/tex/generic/pgf/utilities/pgfk
eys.code.tex
\pgfkeys@pathtoks=\toks23
\pgfkeys@temptoks=\toks24

(c:/Users/tom/AppData/Roaming/TinyTeX/texmf-dist/tex/generic/pgf/utilities/pgfk
eysfiltered.code.tex
\pgfkeys@tmptoks=\toks25
))
\pgf@x=\dimen153
\pgf@y=\dimen154
\pgf@xa=\dimen155
\pgf@ya=\dimen156
\pgf@xb=\dimen157
\pgf@yb=\dimen158
\pgf@xc=\dimen159
\pgf@yc=\dimen160
\pgf@xd=\dimen161
\pgf@yd=\dimen162
\w@pgf@writea=\write3
\r@pgf@reada=\read2
\c@pgf@counta=\count198
\c@pgf@countb=\count199
\c@pgf@countc=\count266
\c@pgf@countd=\count267
\t@pgf@toka=\toks26
\t@pgf@tokb=\toks27
\t@pgf@tokc=\toks28
\pgf@sys@id@count=\count268

(c:/Users/tom/AppData/Roaming/TinyTeX/texmf-dist/tex/generic/pgf/systemlayer/pg
f.cfg
File: pgf.cfg 2020/12/27 v3.1.8b (3.1.8b)
)
Driver file for pgf: pgfsys-dvips.def

(c:/Users/tom/AppData/Roaming/TinyTeX/texmf-dist/tex/generic/pgf/systemlayer/pg
fsys-dvips.def
File: pgfsys-dvips.def 2020/12/27 v3.1.8b (3.1.8b)

(c:/Users/tom/AppData/Roaming/TinyTeX/texmf-dist/tex/generic/pgf/systemlayer/pg
fsys-common-postscript.def
File: pgfsys-common-postscript.def 2020/12/27 v3.1.8b (3.1.8b)
\pgf@objectcount=\count269
)))
(c:/Users/tom/AppData/Roaming/TinyTeX/texmf-dist/tex/generic/pgf/systemlayer/pg
fsyssoftpath.code.tex
File: pgfsyssoftpath.code.tex 2020/12/27 v3.1.8b (3.1.8b)
\pgfsyssoftpath@smallbuffer@items=\count270
\pgfsyssoftpath@bigbuffer@items=\count271
)
(c:/Users/tom/AppData/Roaming/TinyTeX/texmf-dist/tex/generic/pgf/systemlayer/pg
fsysprotocol.code.tex
File: pgfsysprotocol.code.tex 2020/12/27 v3.1.8b (3.1.8b)
)) (c:/Users/tom/AppData/Roaming/TinyTeX/texmf-dist/tex/latex/xcolor/xcolor.sty
Package: xcolor 2016/05/11 v2.12 LaTeX color extensions (UK)

(c:/Users/tom/AppData/Roaming/TinyTeX/texmf-dist/tex/latex/graphics-cfg/color.c
fg
File: color.cfg 2016/01/02 v1.6 sample color configuration
)
Package xcolor Info: Driver file: dvips.def on input line 225.
Package xcolor Info: Model `cmy' substituted by `cmy0' on input line 1348.
Package xcolor Info: Model `RGB' extended on input line 1364.
Package xcolor Info: Model `HTML' substituted by `rgb' on input line 1366.
Package xcolor Info: Model `Hsb' substituted by `hsb' on input line 1367.
Package xcolor Info: Model `tHsb' substituted by `hsb' on input line 1368.
Package xcolor Info: Model `HSB' substituted by `hsb' on input line 1369.
Package xcolor Info: Model `Gray' substituted by `gray' on input line 1370.
Package xcolor Info: Model `wave' substituted by `hsb' on input line 1371.
)
(c:/Users/tom/AppData/Roaming/TinyTeX/texmf-dist/tex/generic/pgf/basiclayer/pgf
core.code.tex
Package: pgfcore 2020/12/27 v3.1.8b (3.1.8b)

(c:/Users/tom/AppData/Roaming/TinyTeX/texmf-dist/tex/generic/pgf/math/pgfmath.c
ode.tex
(c:/Users/tom/AppData/Roaming/TinyTeX/texmf-dist/tex/generic/pgf/math/pgfmathca
lc.code.tex
(c:/Users/tom/AppData/Roaming/TinyTeX/texmf-dist/tex/generic/pgf/math/pgfmathut
il.code.tex)
(c:/Users/tom/AppData/Roaming/TinyTeX/texmf-dist/tex/generic/pgf/math/pgfmathpa
rser.code.tex
\pgfmath@dimen=\dimen163
\pgfmath@count=\count272
\pgfmath@box=\box51
\pgfmath@toks=\toks29
\pgfmath@stack@operand=\toks30
\pgfmath@stack@operation=\toks31
)
(c:/Users/tom/AppData/Roaming/TinyTeX/texmf-dist/tex/generic/pgf/math/pgfmathfu
nctions.code.tex
(c:/Users/tom/AppData/Roaming/TinyTeX/texmf-dist/tex/generic/pgf/math/pgfmathfu
nctions.basic.code.tex)
(c:/Users/tom/AppData/Roaming/TinyTeX/texmf-dist/tex/generic/pgf/math/pgfmathfu
nctions.trigonometric.code.tex)
(c:/Users/tom/AppData/Roaming/TinyTeX/texmf-dist/tex/generic/pgf/math/pgfmathfu
nctions.random.code.tex)
(c:/Users/tom/AppData/Roaming/TinyTeX/texmf-dist/tex/generic/pgf/math/pgfmathfu
nctions.comparison.code.tex)
(c:/Users/tom/AppData/Roaming/TinyTeX/texmf-dist/tex/generic/pgf/math/pgfmathfu
nctions.base.code.tex)
(c:/Users/tom/AppData/Roaming/TinyTeX/texmf-dist/tex/generic/pgf/math/pgfmathfu
nctions.round.code.tex)
(c:/Users/tom/AppData/Roaming/TinyTeX/texmf-dist/tex/generic/pgf/math/pgfmathfu
nctions.misc.code.tex)
(c:/Users/tom/AppData/Roaming/TinyTeX/texmf-dist/tex/generic/pgf/math/pgfmathfu
nctions.integerarithmetics.code.tex)))
(c:/Users/tom/AppData/Roaming/TinyTeX/texmf-dist/tex/generic/pgf/math/pgfmathfl
oat.code.tex
\c@pgfmathroundto@lastzeros=\count273
))
(c:/Users/tom/AppData/Roaming/TinyTeX/texmf-dist/tex/generic/pgf/math/pgfint.co
de.tex)
(c:/Users/tom/AppData/Roaming/TinyTeX/texmf-dist/tex/generic/pgf/basiclayer/pgf
corepoints.code.tex
File: pgfcorepoints.code.tex 2020/12/27 v3.1.8b (3.1.8b)
\pgf@picminx=\dimen164
\pgf@picmaxx=\dimen165
\pgf@picminy=\dimen166
\pgf@picmaxy=\dimen167
\pgf@pathminx=\dimen168
\pgf@pathmaxx=\dimen169
\pgf@pathminy=\dimen170
\pgf@pathmaxy=\dimen171
\pgf@xx=\dimen172
\pgf@xy=\dimen173
\pgf@yx=\dimen174
\pgf@yy=\dimen175
\pgf@zx=\dimen176
\pgf@zy=\dimen177
)
(c:/Users/tom/AppData/Roaming/TinyTeX/texmf-dist/tex/generic/pgf/basiclayer/pgf
corepathconstruct.code.tex
File: pgfcorepathconstruct.code.tex 2020/12/27 v3.1.8b (3.1.8b)
\pgf@path@lastx=\dimen178
\pgf@path@lasty=\dimen179
)
(c:/Users/tom/AppData/Roaming/TinyTeX/texmf-dist/tex/generic/pgf/basiclayer/pgf
corepathusage.code.tex
File: pgfcorepathusage.code.tex 2020/12/27 v3.1.8b (3.1.8b)
\pgf@shorten@end@additional=\dimen180
\pgf@shorten@start@additional=\dimen181
)
(c:/Users/tom/AppData/Roaming/TinyTeX/texmf-dist/tex/generic/pgf/basiclayer/pgf
corescopes.code.tex
File: pgfcorescopes.code.tex 2020/12/27 v3.1.8b (3.1.8b)
\pgfpic=\box52
\pgf@hbox=\box53
\pgf@layerbox@main=\box54
\pgf@picture@serial@count=\count274
)
(c:/Users/tom/AppData/Roaming/TinyTeX/texmf-dist/tex/generic/pgf/basiclayer/pgf
coregraphicstate.code.tex
File: pgfcoregraphicstate.code.tex 2020/12/27 v3.1.8b (3.1.8b)
\pgflinewidth=\dimen182
)
(c:/Users/tom/AppData/Roaming/TinyTeX/texmf-dist/tex/generic/pgf/basiclayer/pgf
coretransformations.code.tex
File: pgfcoretransformations.code.tex 2020/12/27 v3.1.8b (3.1.8b)
\pgf@pt@x=\dimen183
\pgf@pt@y=\dimen184
\pgf@pt@temp=\dimen185
)
(c:/Users/tom/AppData/Roaming/TinyTeX/texmf-dist/tex/generic/pgf/basiclayer/pgf
corequick.code.tex
File: pgfcorequick.code.tex 2020/12/27 v3.1.8b (3.1.8b)
)
(c:/Users/tom/AppData/Roaming/TinyTeX/texmf-dist/tex/generic/pgf/basiclayer/pgf
coreobjects.code.tex
File: pgfcoreobjects.code.tex 2020/12/27 v3.1.8b (3.1.8b)
)
(c:/Users/tom/AppData/Roaming/TinyTeX/texmf-dist/tex/generic/pgf/basiclayer/pgf
corepathprocessing.code.tex
File: pgfcorepathprocessing.code.tex 2020/12/27 v3.1.8b (3.1.8b)
)
(c:/Users/tom/AppData/Roaming/TinyTeX/texmf-dist/tex/generic/pgf/basiclayer/pgf
corearrows.code.tex
File: pgfcorearrows.code.tex 2020/12/27 v3.1.8b (3.1.8b)
\pgfarrowsep=\dimen186
)
(c:/Users/tom/AppData/Roaming/TinyTeX/texmf-dist/tex/generic/pgf/basiclayer/pgf
coreshade.code.tex
File: pgfcoreshade.code.tex 2020/12/27 v3.1.8b (3.1.8b)
\pgf@max=\dimen187
\pgf@sys@shading@range@num=\count275
\pgf@shadingcount=\count276
)
(c:/Users/tom/AppData/Roaming/TinyTeX/texmf-dist/tex/generic/pgf/basiclayer/pgf
coreimage.code.tex
File: pgfcoreimage.code.tex 2020/12/27 v3.1.8b (3.1.8b)

(c:/Users/tom/AppData/Roaming/TinyTeX/texmf-dist/tex/generic/pgf/basiclayer/pgf
coreexternal.code.tex
File: pgfcoreexternal.code.tex 2020/12/27 v3.1.8b (3.1.8b)
\pgfexternal@startupbox=\box55
))
(c:/Users/tom/AppData/Roaming/TinyTeX/texmf-dist/tex/generic/pgf/basiclayer/pgf
corelayers.code.tex
File: pgfcorelayers.code.tex 2020/12/27 v3.1.8b (3.1.8b)
)
(c:/Users/tom/AppData/Roaming/TinyTeX/texmf-dist/tex/generic/pgf/basiclayer/pgf
coretransparency.code.tex
File: pgfcoretransparency.code.tex 2020/12/27 v3.1.8b (3.1.8b)
)
(c:/Users/tom/AppData/Roaming/TinyTeX/texmf-dist/tex/generic/pgf/basiclayer/pgf
corepatterns.code.tex
File: pgfcorepatterns.code.tex 2020/12/27 v3.1.8b (3.1.8b)
)
(c:/Users/tom/AppData/Roaming/TinyTeX/texmf-dist/tex/generic/pgf/basiclayer/pgf
corerdf.code.tex
File: pgfcorerdf.code.tex 2020/12/27 v3.1.8b (3.1.8b)
)))
(c:/Users/tom/AppData/Roaming/TinyTeX/texmf-dist/tex/generic/pgf/modules/pgfmod
uleshapes.code.tex
File: pgfmoduleshapes.code.tex 2020/12/27 v3.1.8b (3.1.8b)
\pgfnodeparttextbox=\box56
)
(c:/Users/tom/AppData/Roaming/TinyTeX/texmf-dist/tex/generic/pgf/modules/pgfmod
uleplot.code.tex
File: pgfmoduleplot.code.tex 2020/12/27 v3.1.8b (3.1.8b)
)
(c:/Users/tom/AppData/Roaming/TinyTeX/texmf-dist/tex/latex/pgf/compatibility/pg
fcomp-version-0-65.sty
Package: pgfcomp-version-0-65 2020/12/27 v3.1.8b (3.1.8b)
\pgf@nodesepstart=\dimen188
\pgf@nodesepend=\dimen189
)
(c:/Users/tom/AppData/Roaming/TinyTeX/texmf-dist/tex/latex/pgf/compatibility/pg
fcomp-version-1-18.sty
Package: pgfcomp-version-1-18 2020/12/27 v3.1.8b (3.1.8b)
))
(c:/Users/tom/AppData/Roaming/TinyTeX/texmf-dist/tex/latex/pgf/frontendlayer/ti
kz.sty
(c:/Users/tom/AppData/Roaming/TinyTeX/texmf-dist/tex/latex/pgf/utilities/pgffor
.sty
(c:/Users/tom/AppData/Roaming/TinyTeX/texmf-dist/tex/latex/pgf/utilities/pgfkey
s.sty
(c:/Users/tom/AppData/Roaming/TinyTeX/texmf-dist/tex/generic/pgf/utilities/pgfk
eys.code.tex))
(c:/Users/tom/AppData/Roaming/TinyTeX/texmf-dist/tex/latex/pgf/math/pgfmath.sty

(c:/Users/tom/AppData/Roaming/TinyTeX/texmf-dist/tex/generic/pgf/math/pgfmath.c
ode.tex))
(c:/Users/tom/AppData/Roaming/TinyTeX/texmf-dist/tex/generic/pgf/utilities/pgff
or.code.tex
Package: pgffor 2020/12/27 v3.1.8b (3.1.8b)

(c:/Users/tom/AppData/Roaming/TinyTeX/texmf-dist/tex/generic/pgf/math/pgfmath.c
ode.tex)
\pgffor@iter=\dimen190
\pgffor@skip=\dimen191
\pgffor@stack=\toks32
\pgffor@toks=\toks33
))
(c:/Users/tom/AppData/Roaming/TinyTeX/texmf-dist/tex/generic/pgf/frontendlayer/
tikz/tikz.code.tex
Package: tikz 2020/12/27 v3.1.8b (3.1.8b)

(c:/Users/tom/AppData/Roaming/TinyTeX/texmf-dist/tex/generic/pgf/libraries/pgfl
ibraryplothandlers.code.tex
File: pgflibraryplothandlers.code.tex 2020/12/27 v3.1.8b (3.1.8b)
\pgf@plot@mark@count=\count277
\pgfplotmarksize=\dimen192
)
\tikz@lastx=\dimen193
\tikz@lasty=\dimen194
\tikz@lastxsaved=\dimen195
\tikz@lastysaved=\dimen196
\tikz@lastmovetox=\dimen197
\tikz@lastmovetoy=\dimen198
\tikzleveldistance=\dimen199
\tikzsiblingdistance=\dimen256
\tikz@figbox=\box57
\tikz@figbox@bg=\box58
\tikz@tempbox=\box59
\tikz@tempbox@bg=\box60
\tikztreelevel=\count278
\tikznumberofchildren=\count279
\tikznumberofcurrentchild=\count280
\tikz@fig@count=\count281

(c:/Users/tom/AppData/Roaming/TinyTeX/texmf-dist/tex/generic/pgf/modules/pgfmod
ulematrix.code.tex
File: pgfmodulematrix.code.tex 2020/12/27 v3.1.8b (3.1.8b)
\pgfmatrixcurrentrow=\count282
\pgfmatrixcurrentcolumn=\count283
\pgf@matrix@numberofcolumns=\count284
)
\tikz@expandcount=\count285

(c:/Users/tom/AppData/Roaming/TinyTeX/texmf-dist/tex/generic/pgf/frontendlayer/
tikz/libraries/tikzlibrarytopaths.code.tex
File: tikzlibrarytopaths.code.tex 2020/12/27 v3.1.8b (3.1.8b)
)))
(c:/Users/tom/AppData/Roaming/TinyTeX/texmf-dist/tex/generic/pgf/frontendlayer/
tikz/libraries/tikzlibraryarrows.code.tex
File: tikzlibraryarrows.code.tex 2020/12/27 v3.1.8b (3.1.8b)

(c:/Users/tom/AppData/Roaming/TinyTeX/texmf-dist/tex/generic/pgf/libraries/pgfl
ibraryarrows.code.tex
File: pgflibraryarrows.code.tex 2020/12/27 v3.1.8b (3.1.8b)
\arrowsize=\dimen257
))
(c:/Users/tom/AppData/Roaming/TinyTeX/texmf-dist/tex/generic/pgf/frontendlayer/
tikz/libraries/tikzlibraryshapes.arrows.code.tex
File: tikzlibraryshapes.arrows.code.tex 2020/12/27 v3.1.8b (3.1.8b)

(c:/Users/tom/AppData/Roaming/TinyTeX/texmf-dist/tex/generic/pgf/libraries/shap
es/pgflibraryshapes.arrows.code.tex
File: pgflibraryshapes.arrows.code.tex 2020/12/27 v3.1.8b (3.1.8b)
))
(c:/Users/tom/AppData/Roaming/TinyTeX/texmf-dist/tex/generic/pgf/frontendlayer/
tikz/libraries/tikzlibraryshapes.geometric.code.tex
File: tikzlibraryshapes.geometric.code.tex 2020/12/27 v3.1.8b (3.1.8b)

(c:/Users/tom/AppData/Roaming/TinyTeX/texmf-dist/tex/generic/pgf/libraries/shap
es/pgflibraryshapes.geometric.code.tex
File: pgflibraryshapes.geometric.code.tex 2020/12/27 v3.1.8b (3.1.8b)
))
(c:/Users/tom/AppData/Roaming/TinyTeX/texmf-dist/tex/generic/pgf/frontendlayer/
tikz/libraries/tikzlibraryshapes.multipart.code.tex
File: tikzlibraryshapes.multipart.code.tex 2020/12/27 v3.1.8b (3.1.8b)

(c:/Users/tom/AppData/Roaming/TinyTeX/texmf-dist/tex/generic/pgf/libraries/shap
es/pgflibraryshapes.multipart.code.tex
File: pgflibraryshapes.multipart.code.tex 2020/12/27 v3.1.8b (3.1.8b)
\pgfnodepartlowerbox=\box61
\pgfnodeparttwobox=\box62
\pgfnodepartthreebox=\box63
\pgfnodepartfourbox=\box64
\pgfnodeparttwentybox=\box65
\pgfnodepartnineteenbox=\box66
\pgfnodeparteighteenbox=\box67
\pgfnodepartseventeenbox=\box68
\pgfnodepartsixteenbox=\box69
\pgfnodepartfifteenbox=\box70
\pgfnodepartfourteenbox=\box71
\pgfnodepartthirteenbox=\box72
\pgfnodeparttwelvebox=\box73
\pgfnodepartelevenbox=\box74
\pgfnodeparttenbox=\box75
\pgfnodepartninebox=\box76
\pgfnodeparteightbox=\box77
\pgfnodepartsevenbox=\box78
\pgfnodepartsixbox=\box79
\pgfnodepartfivebox=\box80
))
(c:/Users/tom/AppData/Roaming/TinyTeX/texmf-dist/tex/generic/pgf/frontendlayer/
tikz/libraries/tikzlibrarydecorations.pathmorphing.code.tex
(c:/Users/tom/AppData/Roaming/TinyTeX/texmf-dist/tex/generic/pgf/frontendlayer/
tikz/libraries/tikzlibrarydecorations.code.tex
(c:/Users/tom/AppData/Roaming/TinyTeX/texmf-dist/tex/generic/pgf/modules/pgfmod
uledecorations.code.tex
\pgfdecoratedcompleteddistance=\dimen258
\pgfdecoratedremainingdistance=\dimen259
\pgfdecoratedinputsegmentcompleteddistance=\dimen260
\pgfdecoratedinputsegmentremainingdistance=\dimen261
\pgf@decorate@distancetomove=\dimen262
\pgf@decorate@repeatstate=\count286
\pgfdecorationsegmentamplitude=\dimen263
\pgfdecorationsegmentlength=\dimen264
)
\tikz@lib@dec@box=\box81
)
(c:/Users/tom/AppData/Roaming/TinyTeX/texmf-dist/tex/generic/pgf/libraries/deco
rations/pgflibrarydecorations.pathmorphing.code.tex))
(c:/Users/tom/AppData/Roaming/TinyTeX/texmf-dist/tex/generic/pgf/frontendlayer/
tikz/libraries/tikzlibrarypositioning.code.tex
File: tikzlibrarypositioning.code.tex 2020/12/27 v3.1.8b (3.1.8b)
) (./pgflibraryshapes.swigs.code.tex
\pgfnodepartlowerbox=\box82
\pgfnodepartupperbox=\box83
\pgfnodepartleftbox=\box84
\pgfnodepartrightbox=\box85
)
(c:/Users/tom/AppData/Roaming/TinyTeX/texmf-dist/tex/latex/l3backend/l3backend-
dvips.def
File: l3backend-dvips.def 2021-02-06 L3 backend support: dvips
\l__pdf_internal_box=\box86
\g__pdf_backend_object_int=\count287
\l__pdf_backend_content_box=\box87
\l__pdf_backend_model_box=\box88
\g__pdf_backend_annotation_int=\count288
\g__pdf_backend_link_int=\count289
\g__pdf_backend_link_sf_int=\count290
)
No file tikz1fe82bc534af.aux.
\openout1 = `tikz1fe82bc534af.aux'.

LaTeX Font Info:    Checking defaults for OML/cmm/m/it on input line 8.
LaTeX Font Info:    ... okay on input line 8.
LaTeX Font Info:    Checking defaults for OMS/cmsy/m/n on input line 8.
LaTeX Font Info:    ... okay on input line 8.
LaTeX Font Info:    Checking defaults for OT1/cmr/m/n on input line 8.
LaTeX Font Info:    ... okay on input line 8.
LaTeX Font Info:    Checking defaults for T1/cmr/m/n on input line 8.
LaTeX Font Info:    ... okay on input line 8.
LaTeX Font Info:    Checking defaults for TS1/cmr/m/n on input line 8.
LaTeX Font Info:    ... okay on input line 8.
LaTeX Font Info:    Checking defaults for OMX/cmex/m/n on input line 8.
LaTeX Font Info:    ... okay on input line 8.
LaTeX Font Info:    Checking defaults for U/cmr/m/n on input line 8.
LaTeX Font Info:    ... okay on input line 8.
Preview: Fontsize 10pt

! Package pgfkeys Error: I do not know the key '/tikz/ell' and I am going to ig
nore it. Perhaps you misspelled it.

See the pgfkeys package documentation for explanation.
Type  H <return>  for immediate help.
 ...                                              
                                                  
l.19 ...ght=2.5mm of X, above=2mm of X, fill=gray]
                                                  {$U$}; 
Here is how much of TeX's memory you used:
 14324 strings out of 481289
 320200 string characters out of 5915829
 608955 words of memory out of 5000000
 31012 multiletter control sequences out of 15000+600000
 403884 words of font info for 29 fonts, out of 8000000 for 9000
 14 hyphenation exceptions out of 8191
 98i,6n,102p,467b,780s stack positions out of 5000i,500n,10000p,200000b,80000s

No pages of output.
